<?xml version="1.0" encoding="UTF-8"?>
<testng-results skipped="0" failed="0" total="1" passed="1">
  <reporter-output>
    <line>
      <![CDATA[Open Browser]]>
    </line>
    <line>
      <![CDATA[Browser Opened]]>
    </line>
    <line>
      <![CDATA[Enter URL]]>
    </line>
    <line>
      <![CDATA[URL Opened]]>
    </line>
    <line>
      <![CDATA[Verify Title]]>
    </line>
    <line>
      <![CDATA[Title mached]]>
    </line>
    <line>
      <![CDATA[Enter USerName and Password]]>
    </line>
    <line>
      <![CDATA[Login Successfully]]>
    </line>
    <line>
      <![CDATA[Verify text]]>
    </line>
    <line>
      <![CDATA[Text Verified]]>
    </line>
    <line>
      <![CDATA[Click the Close Button]]>
    </line>
    <line>
      <![CDATA[Browser Closed]]>
    </line>
  </reporter-output>
  <suite name="Default suite" duration-ms="8691" started-at="2019-02-01T13:57:10Z" finished-at="2019-02-01T13:57:19Z">
    <groups>
    </groups>
    <test name="Default test" duration-ms="8691" started-at="2019-02-01T13:57:10Z" finished-at="2019-02-01T13:57:19Z">
      <class name="com.hrms.ts.TS_001">
        <test-method status="PASS" signature="ts001()[pri:0, instance:com.hrms.ts.TS_001@25790e]" name="ts001" duration-ms="8649" started-at="2019-02-01T19:27:11Z" finished-at="2019-02-01T19:27:19Z">
          <reporter-output>
            <line>
              <![CDATA[Open Browser]]>
            </line>
            <line>
              <![CDATA[Browser Opened]]>
            </line>
            <line>
              <![CDATA[Enter URL]]>
            </line>
            <line>
              <![CDATA[URL Opened]]>
            </line>
            <line>
              <![CDATA[Verify Title]]>
            </line>
            <line>
              <![CDATA[Title mached]]>
            </line>
            <line>
              <![CDATA[Enter USerName and Password]]>
            </line>
            <line>
              <![CDATA[Login Successfully]]>
            </line>
            <line>
              <![CDATA[Verify text]]>
            </line>
            <line>
              <![CDATA[Text Verified]]>
            </line>
            <line>
              <![CDATA[Click the Close Button]]>
            </line>
            <line>
              <![CDATA[Browser Closed]]>
            </line>
          </reporter-output>
        </test-method> <!-- ts001 -->
      </class> <!-- com.hrms.ts.TS_001 -->
    </test> <!-- Default test -->
  </suite> <!-- Default suite -->
</testng-results>
