<?xml version="1.0" encoding="UTF-8"?>
<testng-results skipped="0" failed="0" total="1" passed="1">
  <reporter-output>
  </reporter-output>
  <suite name="Failed suite [Default suite]" duration-ms="85920" started-at="2019-03-12T14:30:31Z" finished-at="2019-03-12T14:31:56Z">
    <groups>
    </groups>
    <test name="Default test(failed)" duration-ms="85920" started-at="2019-03-12T14:30:31Z" finished-at="2019-03-12T14:31:56Z">
      <class name="mavenprac.Tc001">
        <test-method status="PASS" signature="TC_001()[pri:0, instance:mavenprac.Tc001@174d20a]" name="TC_001" duration-ms="85778" started-at="2019-03-12T20:00:31Z" finished-at="2019-03-12T20:01:56Z">
          <reporter-output>
          </reporter-output>
        </test-method> <!-- TC_001 -->
      </class> <!-- mavenprac.Tc001 -->
    </test> <!-- Default test(failed) -->
  </suite> <!-- Failed suite [Default suite] -->
</testng-results>
